28/3/2020
11:1:30

seed : 1 ok
Writing .txt files

---- Realized travel time for every itinerary ---
 Vehicle type : VL
 Origin : E_EO_0
 Origin : E_EO_1
 Origin : E_EO_10
 Origin : E_EO_11
 Origin : E_EO_12
 Origin : E_EO_13
 Origin : E_EO_14
 Origin : E_EO_2
 Origin : E_EO_3
 Origin : E_EO_4
 Origin : E_EO_5
 Origin : E_EO_6
 Origin : E_EO_7
 Origin : E_EO_8
 Origin : E_EO_9
 Origin : E_NS_0
 Origin : E_NS_1
 Origin : E_NS_10
 Origin : E_NS_11
 Origin : E_NS_12
 Origin : E_NS_13
 Origin : E_NS_14
 Origin : E_NS_2
 Origin : E_NS_3
 Origin : E_NS_4
 Origin : E_NS_5
 Origin : E_NS_6
 Origin : E_NS_7
 Origin : E_NS_8
 Origin : E_NS_9
 Origin : E_OE_0
 Origin : E_OE_1
 Origin : E_OE_10
 Origin : E_OE_11
 Origin : E_OE_12
 Origin : E_OE_13
 Origin : E_OE_14
 Origin : E_OE_2
 Origin : E_OE_3
 Origin : E_OE_4
 Origin : E_OE_5
 Origin : E_OE_6
 Origin : E_OE_7
 Origin : E_OE_8
 Origin : E_OE_9
 Origin : E_SN_0
 Origin : E_SN_1
 Origin : E_SN_10
 Origin : E_SN_11
 Origin : E_SN_12
 Origin : E_SN_13
 Origin : E_SN_14
 Origin : E_SN_2
 Origin : E_SN_3
 Origin : E_SN_4
 Origin : E_SN_5
 Origin : E_SN_6
 Origin : E_SN_7
 Origin : E_SN_8
 Origin : E_SN_9

Studied vehicle type : VL

Vehicle type ignored.
Assignment computation duration : 0.068054 s


Instant : 1
Instant : 2
Instant : 3
Instant : 4
Instant : 5
Instant : 6
Instant : 7
Instant : 8
Instant : 9
Instant : 10
Instant : 11
Instant : 12
Instant : 13
Instant : 14
Instant : 15
Instant : 16
Instant : 17
Instant : 18
Instant : 19
Instant : 20
Instant : 21
Instant : 22
Instant : 23
Instant : 24
Instant : 25
Instant : 26
Instant : 27
Instant : 28
Instant : 29
Instant : 30
Instant : 31
Instant : 32
Instant : 33
Instant : 34
Instant : 35
Instant : 36
Instant : 37
Instant : 38
Instant : 39
Instant : 40
Instant : 41
Instant : 42
Instant : 43
Instant : 44
Instant : 45
Instant : 46
Instant : 47
Instant : 48
Instant : 49
Instant : 50
Instant : 51
Instant : 52
Instant : 53
Instant : 54
Instant : 55
Instant : 56
Instant : 57
Instant : 58
Instant : 59
Instant : 60
Instant : 61
Instant : 62
Instant : 63
Instant : 64
Instant : 65
Instant : 66
Instant : 67
Instant : 68
Instant : 69
Instant : 70
Instant : 71
Instant : 72
Instant : 73
Instant : 74
Instant : 75
Instant : 76
Instant : 77
Instant : 78
Instant : 79
Instant : 80
Instant : 81
Instant : 82
Instant : 83
Instant : 84
Instant : 85
Instant : 86
Instant : 87
Instant : 88
Instant : 89
Instant : 90
Instant : 91
Instant : 92
Instant : 93
Instant : 94
Instant : 95
Instant : 96
Instant : 97
Instant : 98
Instant : 99
Instant : 100
Instant : 101
Instant : 102
Instant : 103
Instant : 104
Instant : 105
Instant : 106
Instant : 107
Instant : 108
Instant : 109
Instant : 110
Instant : 111
Instant : 112
Instant : 113
Instant : 114
Instant : 115
Instant : 116
Instant : 117
Instant : 118
Instant : 119
Instant : 120
Instant : 121
Instant : 122
Instant : 123
Instant : 124
Instant : 125
Instant : 126
Instant : 127
Instant : 128
Instant : 129
Instant : 130
Instant : 131
Instant : 132
Instant : 133
Instant : 134
Instant : 135
Instant : 136
Instant : 137
Instant : 138
Instant : 139
Instant : 140
Instant : 141
Instant : 142
Instant : 143
Instant : 144
Instant : 145
Instant : 146
Instant : 147
Instant : 148
Instant : 149
Instant : 150
Instant : 151
Instant : 152
Instant : 153
Instant : 154
Instant : 155
Instant : 156
Instant : 157
Instant : 158
Instant : 159
Instant : 160
Instant : 161
Instant : 162
Instant : 163
Instant : 164
Instant : 165
Instant : 166
Instant : 167
Instant : 168
Instant : 169
Instant : 170
Instant : 171
Instant : 172
Instant : 173
Instant : 174
Instant : 175
Instant : 176
Instant : 177
Instant : 178
Instant : 179
Instant : 180
Instant : 181
Instant : 182
Instant : 183
Instant : 184
Instant : 185
Instant : 186
Instant : 187
Instant : 188
Instant : 189
Instant : 190
Instant : 191
Instant : 192
Instant : 193
Instant : 194
Instant : 195
Instant : 196
Instant : 197
Instant : 198
Instant : 199
Instant : 200
Instant : 201
Instant : 202
Instant : 203
Instant : 204
Instant : 205
Instant : 206
Instant : 207
Instant : 208
Instant : 209
Instant : 210
Instant : 211
Instant : 212
Instant : 213
Instant : 214
Instant : 215
Instant : 216
Instant : 217
Instant : 218
Instant : 219
Instant : 220
Instant : 221
Instant : 222
Instant : 223
Instant : 224
Instant : 225
Instant : 226
Instant : 227
Instant : 228
Instant : 229
Instant : 230
Instant : 231
Instant : 232
Instant : 233
Instant : 234
Instant : 235
Instant : 236
Instant : 237
Instant : 238
Instant : 239
Instant : 240
Instant : 241
Instant : 242
Instant : 243
Instant : 244
Instant : 245
Instant : 246
Instant : 247
Instant : 248
Instant : 249
Instant : 250
Instant : 251
Instant : 252
Instant : 253
Instant : 254
Instant : 255
Instant : 256
Instant : 257
Instant : 258
Instant : 259
Instant : 260
Instant : 261
Instant : 262
Instant : 263
Instant : 264
Instant : 265
Instant : 266
Instant : 267
Instant : 268
Instant : 269
Instant : 270
Instant : 271
Instant : 272
Instant : 273
Instant : 274
Instant : 275
Instant : 276
Instant : 277
Instant : 278
Instant : 279
Instant : 280
Instant : 281
Instant : 282
Instant : 283
Instant : 284
Instant : 285
Instant : 286
Instant : 287
Instant : 288
Instant : 289
Instant : 290
Instant : 291
Instant : 292
Instant : 293
Instant : 294
Instant : 295
Instant : 296
Instant : 297
Instant : 298
Instant : 299
Instant : 300
Instant : 301
Instant : 302
Instant : 303
Instant : 304
Instant : 305
Instant : 306
Instant : 307
Instant : 308
Instant : 309
Instant : 310
Instant : 311
Instant : 312
Instant : 313
Instant : 314
Instant : 315
Instant : 316
Instant : 317
Instant : 318
Instant : 319
Instant : 320
Instant : 321
Instant : 322
Instant : 323
Instant : 324
Instant : 325
Instant : 326
Instant : 327
Instant : 328
Instant : 329
Instant : 330
Instant : 331
Instant : 332
Instant : 333
Instant : 334
Instant : 335
Instant : 336
Instant : 337
Instant : 338
Instant : 339
Instant : 340
Instant : 341
Instant : 342
Instant : 343
Instant : 344
Instant : 345
Instant : 346
Instant : 347
Instant : 348
Instant : 349
Instant : 350
Instant : 351
Instant : 352
Instant : 353
Instant : 354
Instant : 355
Instant : 356
Instant : 357
Instant : 358
Instant : 359
Instant : 360
Instant : 361
Instant : 362
Instant : 363
Instant : 364
Instant : 365
Instant : 366
Instant : 367
Instant : 368
Instant : 369
Instant : 370
Instant : 371
Instant : 372
Instant : 373
Instant : 374
Instant : 375
Instant : 376
Instant : 377
Instant : 378
Instant : 379
Instant : 380
Instant : 381
Instant : 382
Instant : 383
Instant : 384
Instant : 385
Instant : 386
Instant : 387
Instant : 388
Instant : 389
Instant : 390
Instant : 391
Instant : 392
Instant : 393
Instant : 394
Instant : 395
Instant : 396
Instant : 397
Instant : 398
Instant : 399
Instant : 400
Instant : 401
Instant : 402
Instant : 403
Instant : 404
Instant : 405
Instant : 406
Instant : 407
Instant : 408
Instant : 409
Instant : 410
Instant : 411
Instant : 412
Instant : 413
Instant : 414
Instant : 415
Instant : 416
Instant : 417
Instant : 418
Instant : 419
Instant : 420
Instant : 421
Instant : 422
Instant : 423
Instant : 424
Instant : 425
Instant : 426
Instant : 427
Instant : 428
Instant : 429
Instant : 430
Instant : 431
Instant : 432
Instant : 433
Instant : 434
Instant : 435
Instant : 436
Instant : 437
Instant : 438
Instant : 439
Instant : 440
Instant : 441
Instant : 442
Instant : 443
Instant : 444
Instant : 445
Instant : 446
Instant : 447
Instant : 448
Instant : 449
Instant : 450
Instant : 451
Instant : 452
Instant : 453
Instant : 454
Instant : 455
Instant : 456
Instant : 457
Instant : 458
Instant : 459
Instant : 460
Instant : 461
Instant : 462
Instant : 463
Instant : 464
Instant : 465
Instant : 466
Instant : 467
Instant : 468
Instant : 469
Instant : 470
Instant : 471
Instant : 472
Instant : 473
Instant : 474
Instant : 475
Instant : 476
Instant : 477
Instant : 478
Instant : 479
Instant : 480
Instant : 481
Instant : 482
Instant : 483
Instant : 484
Instant : 485
Instant : 486
Instant : 487
Instant : 488
Instant : 489
Instant : 490
Instant : 491
Instant : 492
Instant : 493
Instant : 494
Instant : 495
Instant : 496
Instant : 497
Instant : 498
Instant : 499
Instant : 500
Instant : 501
Instant : 502
Instant : 503
Instant : 504
Instant : 505
Instant : 506
Instant : 507
Instant : 508
Instant : 509
Instant : 510
Instant : 511
Instant : 512
Instant : 513
Instant : 514
Instant : 515
Instant : 516
Instant : 517
Instant : 518
Instant : 519
Instant : 520
Instant : 521
Instant : 522
Instant : 523
Instant : 524
Instant : 525
Instant : 526
Instant : 527
Instant : 528
Instant : 529
Instant : 530
Instant : 531
Instant : 532
Instant : 533
Instant : 534
Instant : 535
Instant : 536
Instant : 537
Instant : 538
Instant : 539
Instant : 540
Instant : 541
Instant : 542
Instant : 543
Instant : 544
Instant : 545
Instant : 546
Instant : 547
Instant : 548
Instant : 549
Instant : 550
Instant : 551
Instant : 552
Instant : 553
Instant : 554
Instant : 555
Instant : 556
Instant : 557
Instant : 558
Instant : 559
Instant : 560
Instant : 561
Instant : 562
Instant : 563
Instant : 564
Instant : 565
Instant : 566
Instant : 567
Instant : 568
Instant : 569
Instant : 570
Instant : 571
Instant : 572
Instant : 573
Instant : 574
Instant : 575
Instant : 576
Instant : 577
Instant : 578
Instant : 579
Instant : 580
Instant : 581
Instant : 582
Instant : 583
Instant : 584
Instant : 585
Instant : 586
Instant : 587
Instant : 588
Instant : 589
Instant : 590
Instant : 591
Instant : 592
Instant : 593
Instant : 594
Instant : 595
Instant : 596
Instant : 597
Instant : 598
Instant : 599
Instant : 600
Instant : 601
Instant : 602
Instant : 603
Instant : 604
Instant : 605
Instant : 606
Instant : 607
Instant : 608
Instant : 609
Instant : 610
Instant : 611
Instant : 612
Instant : 613
Instant : 614
Instant : 615
Instant : 616
Instant : 617
Instant : 618
Instant : 619
Instant : 620
Instant : 621
Instant : 622
Instant : 623
Instant : 624
Instant : 625
Instant : 626
Instant : 627
Instant : 628
Instant : 629
Instant : 630
Instant : 631
Instant : 632
Instant : 633
Instant : 634
Instant : 635
Instant : 636
Instant : 637
Instant : 638
Instant : 639
Instant : 640
Instant : 641
Instant : 642
Instant : 643
Instant : 644
Instant : 645
Instant : 646
Instant : 647
Instant : 648
Instant : 649
Instant : 650
Instant : 651
Instant : 652
Instant : 653
Instant : 654
Instant : 655
Instant : 656
Instant : 657
Instant : 658
Instant : 659
Instant : 660
Instant : 661
Instant : 662
Instant : 663
Instant : 664
Instant : 665
Instant : 666
Instant : 667
Instant : 668
Instant : 669
Instant : 670
Instant : 671
Instant : 672
Instant : 673
Instant : 674
Instant : 675
Instant : 676
Instant : 677
Instant : 678
Instant : 679
Instant : 680
Instant : 681
Instant : 682
Instant : 683
Instant : 684
Instant : 685
Instant : 686
Instant : 687
Instant : 688
Instant : 689
Instant : 690
Instant : 691
Instant : 692
Instant : 693
Instant : 694
Instant : 695
Instant : 696
Instant : 697
Instant : 698
Instant : 699
Instant : 700
Instant : 701
Instant : 702
Instant : 703
Instant : 704
Instant : 705
Instant : 706
Instant : 707
Instant : 708
Instant : 709
Instant : 710
Instant : 711
Instant : 712
Instant : 713
Instant : 714
Instant : 715
Instant : 716
Instant : 717
Instant : 718
Instant : 719
Instant : 720
Instant : 721
Instant : 722
Instant : 723
Instant : 724
Instant : 725
Instant : 726
Instant : 727
Instant : 728
Instant : 729
Instant : 730
Instant : 731
Instant : 732
Instant : 733
Instant : 734
Instant : 735
Instant : 736
Instant : 737
Instant : 738
Instant : 739
Instant : 740
Instant : 741
Instant : 742
Instant : 743
Instant : 744
Instant : 745
Instant : 746
Instant : 747
Instant : 748
Instant : 749
Instant : 750
Instant : 751
Instant : 752
Instant : 753
Instant : 754
Instant : 755
Instant : 756
Instant : 757
Instant : 758
Instant : 759
Instant : 760
Instant : 761
Instant : 762
Instant : 763
Instant : 764
Instant : 765
Instant : 766
Instant : 767
Instant : 768
Instant : 769
Instant : 770
Instant : 771
Instant : 772
Instant : 773
Instant : 774
Instant : 775
Instant : 776
Instant : 777
Instant : 778
Instant : 779
Instant : 780
Instant : 781
Instant : 782
Instant : 783
Instant : 784
Instant : 785
Instant : 786
Instant : 787
Instant : 788
Instant : 789
Instant : 790
Instant : 791
Instant : 792
Instant : 793
Instant : 794
Instant : 795
Instant : 796
Instant : 797
Instant : 798
Instant : 799
Instant : 800
Instant : 801
Instant : 802
Instant : 803
Instant : 804
Instant : 805
Instant : 806
Instant : 807
Instant : 808
Instant : 809
Instant : 810
Instant : 811
Potential crossing case ignored for vehicle 3254 caused by a loop in the vehicles processing...
Instant : 812
Instant : 813
Instant : 814
Instant : 815
Instant : 816
Instant : 817
Instant : 818
Instant : 819
Instant : 820
Instant : 821
Instant : 822
Instant : 823
Instant : 824
Instant : 825
Instant : 826
Instant : 827
Instant : 828
Instant : 829
Instant : 830
Instant : 831
Instant : 832
Instant : 833
Instant : 834
Instant : 835
Instant : 836
Instant : 837
Instant : 838
Instant : 839
Instant : 840
Instant : 841
Instant : 842
Instant : 843
Instant : 844
Instant : 845
Instant : 846
Instant : 847
Instant : 848
Instant : 849
Instant : 850
Instant : 851
Instant : 852
Instant : 853
Instant : 854
Instant : 855
Instant : 856
Instant : 857
Instant : 858
Instant : 859
Instant : 860
Instant : 861
Instant : 862
Instant : 863
Instant : 864
Instant : 865
Instant : 866
Instant : 867
Instant : 868
Instant : 869
Instant : 870
Instant : 871
Instant : 872
Instant : 873
Instant : 874
Instant : 875
Instant : 876
Instant : 877
Instant : 878
Instant : 879
Instant : 880
Instant : 881
Instant : 882
Instant : 883
Instant : 884
Instant : 885
Instant : 886
Instant : 887
Instant : 888
Instant : 889
Instant : 890
Instant : 891
Instant : 892
Instant : 893
Instant : 894
Instant : 895
Instant : 896
Instant : 897
Instant : 898
Instant : 899
Instant : 900
Instant : 901
Instant : 902
Instant : 903
Instant : 904
Instant : 905
Instant : 906
Instant : 907
Instant : 908
Instant : 909
Instant : 910
Instant : 911
Instant : 912
Instant : 913
Instant : 914
Instant : 915
Instant : 916
Instant : 917
Instant : 918
Instant : 919
Instant : 920
Instant : 921
Instant : 922
Instant : 923
Instant : 924
Instant : 925
Instant : 926
Instant : 927
Instant : 928
Instant : 929
Instant : 930
Instant : 931
Instant : 932
Instant : 933
Instant : 934
Instant : 935
Instant : 936
Instant : 937
Instant : 938
Instant : 939
Instant : 940
Instant : 941
Instant : 942
Instant : 943
Instant : 944
Instant : 945
Instant : 946
Instant : 947
Instant : 948
Instant : 949
Instant : 950
Instant : 951
Instant : 952
Instant : 953
Instant : 954
Instant : 955
Instant : 956
Instant : 957
Instant : 958
Instant : 959
Instant : 960
Instant : 961
Instant : 962
Instant : 963
Instant : 964
Instant : 965
Instant : 966
Instant : 967
Instant : 968
Instant : 969
Instant : 970
Instant : 971
Instant : 972
Instant : 973
Instant : 974
Instant : 975
Instant : 976
Instant : 977
Instant : 978
Instant : 979
Instant : 980
Instant : 981
Instant : 982
Instant : 983
Instant : 984
Instant : 985
Instant : 986
Instant : 987
Instant : 988
Instant : 989
Instant : 990
Instant : 991
Instant : 992
Instant : 993
Instant : 994
Instant : 995
Instant : 996
Instant : 997
Instant : 998
Instant : 999
Instant : 1000
Instant : 1001
Instant : 1002
Instant : 1003
Instant : 1004
Instant : 1005
Instant : 1006
Instant : 1007
Instant : 1008
Instant : 1009
Instant : 1010
Instant : 1011
Instant : 1012
Instant : 1013
Instant : 1014
Instant : 1015
Instant : 1016
Instant : 1017
Instant : 1018
Instant : 1019
Instant : 1020
Instant : 1021
Instant : 1022
Instant : 1023
Instant : 1024
Instant : 1025
Instant : 1026
Instant : 1027
Instant : 1028
Instant : 1029
Instant : 1030
Instant : 1031
Instant : 1032
Instant : 1033
Instant : 1034
Instant : 1035
Instant : 1036
Instant : 1037
Instant : 1038
Instant : 1039
Instant : 1040
Instant : 1041
Instant : 1042
Instant : 1043
Instant : 1044
Instant : 1045
Instant : 1046
Instant : 1047
Instant : 1048
Instant : 1049
Instant : 1050
Instant : 1051
Instant : 1052
Instant : 1053
Instant : 1054
Instant : 1055
Instant : 1056
Instant : 1057
Instant : 1058
Instant : 1059
Instant : 1060
Instant : 1061
Instant : 1062
Instant : 1063
Instant : 1064
Instant : 1065
Instant : 1066
Instant : 1067
Instant : 1068
Instant : 1069
Instant : 1070
Instant : 1071
Instant : 1072
Instant : 1073
Instant : 1074
Instant : 1075
Instant : 1076
Instant : 1077
Instant : 1078
Instant : 1079
Instant : 1080
Instant : 1081
Infinite loop detected (recursive call to Vehicule::CalculTraficEx() for vehicle 789). Using estimated car following to break the loop.
Potential crossing case ignored for vehicle 4589 caused by a loop in the vehicles processing...
Instant : 1082
Instant : 1083
Instant : 1084
Instant : 1085
Instant : 1086
Instant : 1087
Instant : 1088
Instant : 1089
Instant : 1090
Instant : 1091
Instant : 1092
Instant : 1093
Instant : 1094
Instant : 1095
Instant : 1096
Instant : 1097
Instant : 1098
Instant : 1099
Instant : 1100
Instant : 1101
Instant : 1102
Instant : 1103
Instant : 1104
Instant : 1105
Instant : 1106
Instant : 1107
Instant : 1108
Instant : 1109
Instant : 1110
Instant : 1111
Instant : 1112
Instant : 1113
Instant : 1114
Instant : 1115
Instant : 1116
Instant : 1117
Instant : 1118
Instant : 1119
Instant : 1120
Instant : 1121
Instant : 1122
Instant : 1123
Instant : 1124
Instant : 1125
Instant : 1126
Instant : 1127
Instant : 1128
Instant : 1129
Instant : 1130
Instant : 1131
Instant : 1132
Instant : 1133
Instant : 1134
Instant : 1135
Instant : 1136
Instant : 1137
Instant : 1138
Instant : 1139
Instant : 1140
Instant : 1141
Instant : 1142
Instant : 1143
Instant : 1144
Instant : 1145
Instant : 1146
Instant : 1147
Instant : 1148
Instant : 1149
Instant : 1150
Instant : 1151
Instant : 1152
Instant : 1153
Instant : 1154
Instant : 1155
Instant : 1156
Instant : 1157
Instant : 1158
Instant : 1159
Instant : 1160
Instant : 1161
Instant : 1162
Instant : 1163
Instant : 1164
Instant : 1165
Instant : 1166
Instant : 1167
Instant : 1168
Instant : 1169
Instant : 1170
Instant : 1171
Instant : 1172
Instant : 1173
Instant : 1174
Instant : 1175
Instant : 1176
Instant : 1177
Instant : 1178
Instant : 1179
Instant : 1180
Instant : 1181
Instant : 1182
Instant : 1183
Instant : 1184
Instant : 1185
Instant : 1186
Instant : 1187
Instant : 1188
Instant : 1189
Instant : 1190
Instant : 1191
Instant : 1192
Instant : 1193
Instant : 1194
Instant : 1195
Instant : 1196
Instant : 1197
Instant : 1198
Instant : 1199
Instant : 1200
Instant : 1201
Instant : 1202
Instant : 1203
Instant : 1204
Instant : 1205
Instant : 1206
Instant : 1207
Instant : 1208
Instant : 1209
Instant : 1210
Instant : 1211
Instant : 1212
Instant : 1213
Instant : 1214
Instant : 1215
Instant : 1216
Instant : 1217
Instant : 1218
Instant : 1219
Instant : 1220
Instant : 1221
Instant : 1222
Instant : 1223
Instant : 1224
Instant : 1225
Instant : 1226
Instant : 1227
Instant : 1228
Instant : 1229
Instant : 1230
Instant : 1231
Instant : 1232
Instant : 1233
Instant : 1234
Instant : 1235
Instant : 1236
Instant : 1237
Instant : 1238
Instant : 1239
Instant : 1240
Instant : 1241
Instant : 1242
Instant : 1243
Instant : 1244
Instant : 1245
Instant : 1246
Instant : 1247
Instant : 1248
Instant : 1249
Instant : 1250
Instant : 1251
Instant : 1252
Instant : 1253
Instant : 1254
Instant : 1255
Instant : 1256
Instant : 1257
Instant : 1258
Instant : 1259
Instant : 1260
Instant : 1261
Instant : 1262
Instant : 1263
Instant : 1264
Instant : 1265
Instant : 1266
Instant : 1267
Instant : 1268
Instant : 1269
Instant : 1270
Instant : 1271
Instant : 1272
Instant : 1273
Instant : 1274
Instant : 1275
Instant : 1276
Instant : 1277
Instant : 1278
Instant : 1279
Instant : 1280
Instant : 1281
Instant : 1282
Instant : 1283
Instant : 1284
Instant : 1285
Instant : 1286
Instant : 1287
Instant : 1288
Instant : 1289
Instant : 1290
Instant : 1291
Instant : 1292
Instant : 1293
Instant : 1294
Instant : 1295
Instant : 1296
Instant : 1297
Instant : 1298
Instant : 1299
Instant : 1300
Instant : 1301
Instant : 1302
Instant : 1303
Instant : 1304
Instant : 1305
Instant : 1306
Instant : 1307
Instant : 1308
Instant : 1309
Instant : 1310
Instant : 1311
Instant : 1312
Instant : 1313
Instant : 1314
Instant : 1315
Instant : 1316
Instant : 1317
Instant : 1318
Instant : 1319
Instant : 1320
Instant : 1321
Instant : 1322
Instant : 1323
Instant : 1324
Instant : 1325
Instant : 1326
Instant : 1327
Instant : 1328
Instant : 1329
Instant : 1330
Instant : 1331
Instant : 1332
Instant : 1333
Instant : 1334
Instant : 1335
Instant : 1336
Instant : 1337
Instant : 1338
Instant : 1339
Instant : 1340
Instant : 1341
Instant : 1342
Instant : 1343
Instant : 1344
Instant : 1345
Instant : 1346
Instant : 1347
Instant : 1348
Instant : 1349
Instant : 1350
Instant : 1351
Potential crossing case ignored for vehicle 4534 caused by a loop in the vehicles processing...
Instant : 1352
Instant : 1353
Instant : 1354
Instant : 1355
Instant : 1356
Instant : 1357
Instant : 1358
Instant : 1359
Instant : 1360
Instant : 1361
Instant : 1362
Instant : 1363
Instant : 1364
Instant : 1365
Instant : 1366
Instant : 1367
Instant : 1368
Instant : 1369
Instant : 1370
Instant : 1371
Instant : 1372
Instant : 1373
Instant : 1374
Instant : 1375
Instant : 1376
Instant : 1377
Instant : 1378
Instant : 1379
Instant : 1380
Instant : 1381
Instant : 1382
Instant : 1383
Instant : 1384
Instant : 1385
Instant : 1386
Instant : 1387
Instant : 1388
Instant : 1389
Instant : 1390
Instant : 1391
Instant : 1392
Instant : 1393
Instant : 1394
Instant : 1395
Instant : 1396
Instant : 1397
Instant : 1398
Instant : 1399
Instant : 1400
Instant : 1401
Instant : 1402
Instant : 1403
Instant : 1404
Instant : 1405
Instant : 1406
Instant : 1407
Instant : 1408
Instant : 1409
Instant : 1410
Instant : 1411
Infinite loop detected (recursive call to Vehicule::CalculTraficEx() for vehicle 1678). Using estimated car following to break the loop.
Instant : 1412
Instant : 1413
Instant : 1414
Instant : 1415
Instant : 1416
Instant : 1417
Instant : 1418
Instant : 1419
Instant : 1420
Instant : 1421
Instant : 1422
Instant : 1423
Instant : 1424
Instant : 1425
Instant : 1426
Instant : 1427
Instant : 1428
Instant : 1429
Instant : 1430
Instant : 1431
Instant : 1432
Instant : 1433
Instant : 1434
Instant : 1435
Instant : 1436
Instant : 1437
Instant : 1438
Instant : 1439
Instant : 1440
Instant : 1441
Infinite loop detected (recursive call to Vehicule::CalculTraficEx() for vehicle 3631). Using estimated car following to break the loop.
Instant : 1442
Instant : 1443
Instant : 1444
Instant : 1445
Instant : 1446
Instant : 1447
Instant : 1448
Instant : 1449
Instant : 1450
Instant : 1451
Instant : 1452
Instant : 1453
Instant : 1454
Instant : 1455
Instant : 1456
Instant : 1457
Instant : 1458
Instant : 1459
Instant : 1460
Instant : 1461
Instant : 1462
Instant : 1463
Instant : 1464
Instant : 1465
Instant : 1466
Instant : 1467
Instant : 1468
Instant : 1469
Instant : 1470
Instant : 1471
Potential crossing case ignored for vehicle 5313 caused by a loop in the vehicles processing...
Instant : 1472
Instant : 1473
Instant : 1474
Instant : 1475
Instant : 1476
Instant : 1477
Instant : 1478
Instant : 1479
Instant : 1480
Instant : 1481
Instant : 1482
Instant : 1483
Instant : 1484
Instant : 1485
Instant : 1486
Instant : 1487
Instant : 1488
Instant : 1489
Instant : 1490
Instant : 1491
Instant : 1492
Instant : 1493
Instant : 1494
Instant : 1495
Instant : 1496
Instant : 1497
Instant : 1498
Instant : 1499
Instant : 1500
Instant : 1501
Infinite loop detected (recursive call to Vehicule::CalculTraficEx() for vehicle 3571). Using estimated car following to break the loop.
Instant : 1502
Instant : 1503
Instant : 1504
Instant : 1505
Instant : 1506
Instant : 1507
Instant : 1508
Instant : 1509
Instant : 1510
Instant : 1511
Instant : 1512
Instant : 1513
Instant : 1514
Instant : 1515
Instant : 1516
Instant : 1517
Instant : 1518
Instant : 1519
Instant : 1520
Instant : 1521
Instant : 1522
Instant : 1523
Instant : 1524
Instant : 1525
Instant : 1526
Instant : 1527
Instant : 1528
Instant : 1529
Instant : 1530
Instant : 1531
Instant : 1532
Instant : 1533
Instant : 1534
Instant : 1535
Instant : 1536
Instant : 1537
Instant : 1538
Instant : 1539
Instant : 1540
Instant : 1541
Instant : 1542
Instant : 1543
Instant : 1544
Instant : 1545
Instant : 1546
Instant : 1547
Instant : 1548
Instant : 1549
Instant : 1550
Instant : 1551
Instant : 1552
Instant : 1553
Instant : 1554
Instant : 1555
Instant : 1556
Instant : 1557
Instant : 1558
Instant : 1559
Instant : 1560
Instant : 1561
Instant : 1562
Instant : 1563
Instant : 1564
Instant : 1565
Instant : 1566
Instant : 1567
Instant : 1568
Instant : 1569
Instant : 1570
Instant : 1571
Instant : 1572
Instant : 1573
Instant : 1574
Instant : 1575
Instant : 1576
Instant : 1577
Instant : 1578
Instant : 1579
Instant : 1580
Instant : 1581
Instant : 1582
Instant : 1583
Instant : 1584
Instant : 1585
Instant : 1586
Instant : 1587
Instant : 1588
Instant : 1589
Instant : 1590
Instant : 1591
Instant : 1592
Instant : 1593
Instant : 1594
Instant : 1595
Instant : 1596
Instant : 1597
Instant : 1598
Instant : 1599
Instant : 1600
Instant : 1601
Instant : 1602
Instant : 1603
Instant : 1604
Instant : 1605
Instant : 1606
Instant : 1607
Instant : 1608
Instant : 1609
Instant : 1610
Instant : 1611
Instant : 1612
Instant : 1613
Instant : 1614
Instant : 1615
Instant : 1616
Instant : 1617
Instant : 1618
Instant : 1619
Instant : 1620
Instant : 1621
Instant : 1622
Instant : 1623
Instant : 1624
Instant : 1625
Instant : 1626
Instant : 1627
Instant : 1628
Instant : 1629
Instant : 1630
Instant : 1631
Instant : 1632
Instant : 1633
Instant : 1634
Instant : 1635
Instant : 1636
Instant : 1637
Instant : 1638
Instant : 1639
Instant : 1640
Instant : 1641
Instant : 1642
Instant : 1643
Instant : 1644
Instant : 1645
Instant : 1646
Instant : 1647
Instant : 1648
Instant : 1649
Instant : 1650
Instant : 1651
Instant : 1652
Instant : 1653
Instant : 1654
Instant : 1655
Instant : 1656
Instant : 1657
Instant : 1658
Instant : 1659
Instant : 1660
Instant : 1661
Instant : 1662
Instant : 1663
Instant : 1664
Instant : 1665
Instant : 1666
Instant : 1667
Instant : 1668
Instant : 1669
Instant : 1670
Instant : 1671
Instant : 1672
Instant : 1673
Instant : 1674
Instant : 1675
Instant : 1676
Instant : 1677
Instant : 1678
Instant : 1679
Instant : 1680
Instant : 1681
Instant : 1682
Instant : 1683
Instant : 1684
Instant : 1685
Instant : 1686
Instant : 1687
Instant : 1688
Instant : 1689
Instant : 1690
Instant : 1691
Instant : 1692
Instant : 1693
Instant : 1694
Instant : 1695
Instant : 1696
Instant : 1697
Instant : 1698
Instant : 1699
Instant : 1700
Instant : 1701
Instant : 1702
Instant : 1703
Instant : 1704
Instant : 1705
Instant : 1706
Instant : 1707
Instant : 1708
Instant : 1709
Instant : 1710
Instant : 1711
Infinite loop detected (recursive call to Vehicule::CalculTraficEx() for vehicle 3668). Using estimated car following to break the loop.
Instant : 1712
Instant : 1713
Instant : 1714
Instant : 1715
Instant : 1716
Instant : 1717
Instant : 1718
Instant : 1719
Instant : 1720
Instant : 1721
Instant : 1722
Instant : 1723
Instant : 1724
Instant : 1725
Instant : 1726
Instant : 1727
Instant : 1728
Instant : 1729
Instant : 1730
Instant : 1731
Instant : 1732
Instant : 1733
Instant : 1734
Instant : 1735
Instant : 1736
Instant : 1737
Instant : 1738
Instant : 1739
Instant : 1740
Instant : 1741
Instant : 1742
Instant : 1743
Instant : 1744
Instant : 1745
Instant : 1746
Instant : 1747
Instant : 1748
Instant : 1749
Instant : 1750
Instant : 1751
Instant : 1752
Instant : 1753
Instant : 1754
Instant : 1755
Instant : 1756
Instant : 1757
Instant : 1758
Instant : 1759
Instant : 1760
Instant : 1761
Instant : 1762
Instant : 1763
Instant : 1764
Instant : 1765
Instant : 1766
Instant : 1767
Instant : 1768
Instant : 1769
Instant : 1770
Instant : 1771
Potential crossing case ignored for vehicle 8169 caused by a loop in the vehicles processing...
Instant : 1772
Instant : 1773
Instant : 1774
Instant : 1775
Instant : 1776
Instant : 1777
Instant : 1778
Instant : 1779
Instant : 1780
Instant : 1781
Instant : 1782
Instant : 1783
Instant : 1784
Instant : 1785
Instant : 1786
Instant : 1787
Instant : 1788
Instant : 1789
Instant : 1790
Instant : 1791
Instant : 1792
Instant : 1793
Instant : 1794
Instant : 1795
Instant : 1796
Instant : 1797
Instant : 1798
Instant : 1799
Instant : 1800
Instant : 1801
Potential crossing case ignored for vehicle 5981 caused by a loop in the vehicles processing...
Instant : 1802
Instant : 1803
Instant : 1804
Instant : 1805
Instant : 1806
Instant : 1807
Instant : 1808
Instant : 1809
Instant : 1810
Instant : 1811
Instant : 1812
Instant : 1813
Instant : 1814
Instant : 1815
Instant : 1816
Instant : 1817
Instant : 1818
Instant : 1819
Instant : 1820
Instant : 1821
Instant : 1822
Instant : 1823
Instant : 1824
Instant : 1825
Instant : 1826
Instant : 1827
Instant : 1828
Instant : 1829
Instant : 1830
Instant : 1831
Instant : 1832
Instant : 1833
Instant : 1834
Instant : 1835
Instant : 1836
Instant : 1837
Instant : 1838
Instant : 1839
Instant : 1840
Instant : 1841
Instant : 1842
Instant : 1843
Instant : 1844
Instant : 1845
Instant : 1846
Instant : 1847
Instant : 1848
Instant : 1849
Instant : 1850
Instant : 1851
Instant : 1852
Instant : 1853
Instant : 1854
Instant : 1855
Instant : 1856
Instant : 1857
Instant : 1858
Instant : 1859
Instant : 1860
Instant : 1861
Instant : 1862
Instant : 1863
Instant : 1864
Instant : 1865
Instant : 1866
Instant : 1867
Instant : 1868
Instant : 1869
Instant : 1870
Instant : 1871
Instant : 1872
Instant : 1873
Instant : 1874
Instant : 1875
Instant : 1876
Instant : 1877
Instant : 1878
Instant : 1879
Instant : 1880
Instant : 1881
Instant : 1882
Instant : 1883
Instant : 1884
Instant : 1885
Instant : 1886
Instant : 1887
Instant : 1888
Instant : 1889
Instant : 1890
Instant : 1891
Infinite loop detected (recursive call to Vehicule::CalculTraficEx() for vehicle 5200). Using estimated car following to break the loop.
Instant : 1892
Instant : 1893
Instant : 1894
Instant : 1895
Instant : 1896
Instant : 1897
Instant : 1898
Instant : 1899
Instant : 1900
Instant : 1901
Instant : 1902
Instant : 1903
Instant : 1904
Instant : 1905
Instant : 1906
Instant : 1907
Instant : 1908
Instant : 1909
Instant : 1910
Instant : 1911
Instant : 1912
Instant : 1913
Instant : 1914
Instant : 1915
Instant : 1916
Instant : 1917
Instant : 1918
Instant : 1919
Instant : 1920
Instant : 1921
Infinite loop detected (recursive call to Vehicule::CalculTraficEx() for vehicle 5937). Using estimated car following to break the loop.
Instant : 1922
Instant : 1923
Instant : 1924
Instant : 1925
Instant : 1926
Instant : 1927
Instant : 1928
Instant : 1929
Instant : 1930
Instant : 1931
Instant : 1932
Instant : 1933
Instant : 1934
Instant : 1935
Instant : 1936
Instant : 1937
Instant : 1938
Instant : 1939
Instant : 1940
Instant : 1941
Instant : 1942
Instant : 1943
Instant : 1944
Instant : 1945
Instant : 1946
Instant : 1947
Instant : 1948
Instant : 1949
Instant : 1950
Instant : 1951
Infinite loop detected (recursive call to Vehicule::CalculTraficEx() for vehicle 4891). Using estimated car following to break the loop.
Instant : 1952
Instant : 1953
Instant : 1954
Instant : 1955
Instant : 1956
Instant : 1957
Instant : 1958
Instant : 1959
Instant : 1960
Instant : 1961
Instant : 1962
Instant : 1963
Instant : 1964
Instant : 1965
Instant : 1966
Instant : 1967
Instant : 1968
Instant : 1969
Instant : 1970
Instant : 1971
Instant : 1972
Instant : 1973
Instant : 1974
Instant : 1975
Instant : 1976
Instant : 1977
Instant : 1978
Instant : 1979
Instant : 1980
Instant : 1981
Potential crossing case ignored for vehicle 8866 caused by a loop in the vehicles processing...
Instant : 1982
Instant : 1983
Instant : 1984
Instant : 1985
Instant : 1986
Instant : 1987
Instant : 1988
Instant : 1989
Instant : 1990
Instant : 1991
Instant : 1992
Instant : 1993
Instant : 1994
Instant : 1995
Instant : 1996
Instant : 1997
Instant : 1998
Instant : 1999
Instant : 2000
Instant : 2001
Instant : 2002
Instant : 2003
Instant : 2004
Instant : 2005
Instant : 2006
Instant : 2007
Instant : 2008
Instant : 2009
Instant : 2010
Instant : 2011
Potential crossing case ignored for vehicle 8984 caused by a loop in the vehicles processing...
Potential crossing case ignored for vehicle 8796 caused by a loop in the vehicles processing...
Instant : 2012
Instant : 2013
Instant : 2014
Instant : 2015
Instant : 2016
Instant : 2017
Instant : 2018
Instant : 2019
Instant : 2020
Instant : 2021
Instant : 2022
Instant : 2023
Instant : 2024
Instant : 2025
Instant : 2026
Instant : 2027
Instant : 2028
Instant : 2029
Instant : 2030
Instant : 2031
Instant : 2032
Instant : 2033
Instant : 2034
Instant : 2035
Instant : 2036
Instant : 2037
Instant : 2038
Instant : 2039
Instant : 2040
Instant : 2041
Instant : 2042
Instant : 2043
Instant : 2044
Instant : 2045
Instant : 2046
Instant : 2047
Instant : 2048
Instant : 2049
Instant : 2050
Instant : 2051
Instant : 2052
Instant : 2053
Instant : 2054
Instant : 2055
Instant : 2056
Instant : 2057
Instant : 2058
Instant : 2059
Instant : 2060
Instant : 2061
Instant : 2062
Instant : 2063
Instant : 2064
Instant : 2065
Instant : 2066
Instant : 2067
Instant : 2068
Instant : 2069
Instant : 2070
Instant : 2071
Infinite loop detected (recursive call to Vehicule::CalculTraficEx() for vehicle 5016). Using estimated car following to break the loop.
Potential crossing case ignored for vehicle 8075 caused by a loop in the vehicles processing...
Potential crossing case ignored for vehicle 7577 caused by a loop in the vehicles processing...
Instant : 2072
Instant : 2073
Instant : 2074
Instant : 2075
Instant : 2076
Instant : 2077
Instant : 2078
Instant : 2079
Instant : 2080
Instant : 2081
Instant : 2082
Instant : 2083
Instant : 2084
Instant : 2085
Instant : 2086
Instant : 2087
Instant : 2088
Instant : 2089
Instant : 2090
Instant : 2091
Instant : 2092
Instant : 2093
Instant : 2094
Instant : 2095
Instant : 2096
Instant : 2097
Instant : 2098
Instant : 2099
Instant : 2100
Instant : 2101
Potential crossing case ignored for vehicle 9402 caused by a loop in the vehicles processing...
Instant : 2102
Instant : 2103
Instant : 2104
Instant : 2105
Instant : 2106
Instant : 2107
Instant : 2108
Instant : 2109
Instant : 2110
Instant : 2111
Instant : 2112
Instant : 2113
Instant : 2114
Instant : 2115
Instant : 2116
Instant : 2117
Instant : 2118
Instant : 2119
Instant : 2120
Instant : 2121
Instant : 2122
Instant : 2123
Instant : 2124
Instant : 2125
Instant : 2126
Instant : 2127
Instant : 2128
Instant : 2129
Instant : 2130
Instant : 2131
Instant : 2132
Instant : 2133
Instant : 2134
Instant : 2135
Instant : 2136
Instant : 2137
Instant : 2138
Instant : 2139
Instant : 2140
Instant : 2141
Instant : 2142
Instant : 2143
Instant : 2144
Instant : 2145
Instant : 2146
Instant : 2147
Instant : 2148
Instant : 2149
Instant : 2150
Instant : 2151
Instant : 2152
Instant : 2153
Instant : 2154
Instant : 2155
Instant : 2156
Instant : 2157
Instant : 2158
Instant : 2159
Instant : 2160
Instant : 2161
Instant : 2162
Instant : 2163
Instant : 2164
Instant : 2165
Instant : 2166
Instant : 2167
Instant : 2168
Instant : 2169
Instant : 2170
Instant : 2171
Instant : 2172
Instant : 2173
Instant : 2174
Instant : 2175
Instant : 2176
Instant : 2177
Instant : 2178
Instant : 2179
Instant : 2180
Instant : 2181
Instant : 2182
Instant : 2183
Instant : 2184
Instant : 2185
Instant : 2186
Instant : 2187
Instant : 2188
Instant : 2189
Instant : 2190
Instant : 2191
Potential crossing case ignored for vehicle 9830 caused by a loop in the vehicles processing...
Potential crossing case ignored for vehicle 8986 caused by a loop in the vehicles processing...
Instant : 2192
Instant : 2193
Instant : 2194
Instant : 2195
Instant : 2196
Instant : 2197
Instant : 2198
Instant : 2199
Instant : 2200
Instant : 2201
Instant : 2202
Instant : 2203
Instant : 2204
Instant : 2205
Instant : 2206
Instant : 2207
Instant : 2208
Instant : 2209
Instant : 2210
Instant : 2211
Instant : 2212
Instant : 2213
Instant : 2214
Instant : 2215
Instant : 2216
Instant : 2217
Instant : 2218
Instant : 2219
Instant : 2220
Instant : 2221
Instant : 2222
Instant : 2223
Instant : 2224
Instant : 2225
Instant : 2226
Instant : 2227
Instant : 2228
Instant : 2229
Instant : 2230
Instant : 2231
Instant : 2232
Instant : 2233
Instant : 2234
Instant : 2235
Instant : 2236
Instant : 2237
Instant : 2238
Instant : 2239
Instant : 2240
Instant : 2241
Instant : 2242
Instant : 2243
Instant : 2244
Instant : 2245
Instant : 2246
Instant : 2247
Instant : 2248
Instant : 2249
Instant : 2250
Instant : 2251
Instant : 2252
Instant : 2253
Instant : 2254
Instant : 2255
Instant : 2256
Instant : 2257
Instant : 2258
Instant : 2259
Instant : 2260
Instant : 2261
Instant : 2262
Instant : 2263
Instant : 2264
Instant : 2265
Instant : 2266
Instant : 2267
Instant : 2268
Instant : 2269
Instant : 2270
Instant : 2271
Instant : 2272
Instant : 2273
Instant : 2274
Instant : 2275
Instant : 2276
Instant : 2277
Instant : 2278
Instant : 2279
Instant : 2280
Instant : 2281
Instant : 2282
Instant : 2283
Instant : 2284
Instant : 2285
Instant : 2286
Instant : 2287
Instant : 2288
Instant : 2289
Instant : 2290
Instant : 2291
Instant : 2292
Instant : 2293
Instant : 2294
Instant : 2295
Instant : 2296
Instant : 2297
Instant : 2298
Instant : 2299
Instant : 2300
Instant : 2301
Instant : 2302
Instant : 2303
Instant : 2304
Instant : 2305
Instant : 2306
Instant : 2307
Instant : 2308
Instant : 2309
Instant : 2310
Instant : 2311
Infinite loop detected (recursive call to Vehicule::CalculTraficEx() for vehicle 7777). Using estimated car following to break the loop.
Infinite loop detected (recursive call to Vehicule::CalculTraficEx() for vehicle 7880). Using estimated car following to break the loop.
Instant : 2312
Instant : 2313
Instant : 2314
Instant : 2315
Instant : 2316
Instant : 2317
Instant : 2318
Instant : 2319
Instant : 2320
Instant : 2321
Instant : 2322
Instant : 2323
Instant : 2324
Instant : 2325
Instant : 2326
Instant : 2327
Instant : 2328
Instant : 2329
Instant : 2330
Instant : 2331
Instant : 2332
Instant : 2333
Instant : 2334
Instant : 2335
Instant : 2336
Instant : 2337
Instant : 2338
Instant : 2339
Instant : 2340
Instant : 2341
Instant : 2342
Instant : 2343
Instant : 2344
Instant : 2345
Instant : 2346
